2025-05-06 22:31:16,090 WARNING [_internal:97] -  * Debugger is active!
2025-05-06 22:31:16,093 INFO [_internal:97] -  * Debugger PIN: 101-564-238
2025-05-06 22:31:21,692 INFO [app1:34] - Starting weather forecast route.
2025-05-06 22:31:21,710 INFO [app1:43] - Connected to MongoDB.
2025-05-06 22:31:21,730 INFO [app1:51] - Data loaded and processed.
2025-05-06 22:31:21,764 INFO [app1:58] - SARIMA model trained successfully.
2025-05-06 22:31:21,771 INFO [app1:64] - Forecasted temperature for 2025-05-04: 31.0 °C
2025-05-06 22:31:21,779 INFO [_internal:97] - 127.0.0.1 - - [06/May/2025 22:31:21] "GET / HTTP/1.1" 200 -
2025-05-06 22:31:55,185 INFO [_internal:97] - [31m[1mWARNING: This is a development server. Do not use it in a production deployment. Use a production WSGI server instead.[0m
 * Running on http://127.0.0.1:5000
2025-05-06 22:31:55,185 INFO [_internal:97] - [33mPress CTRL+C to quit[0m
2025-05-06 22:31:55,187 INFO [_internal:97] -  * Restarting with stat
2025-05-06 22:31:58,139 WARNING [_internal:97] -  * Debugger is active!
2025-05-06 22:31:58,143 INFO [_internal:97] -  * Debugger PIN: 101-564-238
2025-05-06 22:31:58,159 INFO [app1:34] - Starting weather forecast route.
2025-05-06 22:31:58,176 INFO [app1:43] - Connected to MongoDB.
2025-05-06 22:31:58,204 INFO [app1:51] - Data loaded and processed.
2025-05-06 22:31:58,237 INFO [app1:58] - SARIMA model trained successfully.
2025-05-06 22:31:58,244 INFO [app1:64] - Forecasted temperature for 2025-05-04: 31.0 °C
2025-05-06 22:31:58,251 INFO [_internal:97] - 127.0.0.1 - - [06/May/2025 22:31:58] "GET / HTTP/1.1" 200 -
2025-05-06 22:41:07,609 INFO [_internal:97] -  * Detected change in 'c:\\Users\\RAJIB\\Weather_Forecasting_Using_Python\\load_weather_to_mongo.py', reloading
2025-05-06 22:41:07,944 INFO [_internal:97] -  * Restarting with stat
2025-05-06 22:41:10,846 WARNING [_internal:97] -  * Debugger is active!
2025-05-06 22:41:10,849 INFO [_internal:97] -  * Debugger PIN: 101-564-238
2025-05-06 22:44:41,183 INFO [_internal:97] -  * Detected change in 'c:\\Users\\RAJIB\\Weather_Forecasting_Using_Python\\Data.py', reloading
2025-05-06 22:44:41,522 INFO [_internal:97] -  * Restarting with stat
2025-05-06 22:44:44,568 WARNING [_internal:97] -  * Debugger is active!
2025-05-06 22:44:44,571 INFO [_internal:97] -  * Debugger PIN: 101-564-238
2025-05-06 22:45:07,047 - INFO - Fetched data for 2025-05-05
2025-05-06 22:45:07,110 - INFO - Processed 2025-05-05: Max=34, Min=26
2025-05-06 22:45:07,821 - INFO - Fetched data for 2025-05-04
2025-05-06 22:45:07,882 - INFO - Processed 2025-05-04: Max=34, Min=25
2025-05-06 22:45:08,426 - INFO - Fetched data for 2025-05-03
2025-05-06 22:45:08,491 - INFO - Processed 2025-05-03: Max=34, Min=26
2025-05-06 22:45:08,853 - INFO - Fetched data for 2025-05-02
2025-05-06 22:45:08,922 - INFO - Processed 2025-05-02: Max=33, Min=22
2025-05-06 22:45:09,389 - INFO - Fetched data for 2025-05-01
2025-05-06 22:45:09,451 - INFO - Processed 2025-05-01: Max=34, Min=22
2025-05-06 22:45:10,014 - INFO - Fetched data for 2025-04-30
2025-05-06 22:45:10,087 - INFO - Processed 2025-04-30: Max=30, Min=23
2025-05-06 22:45:10,506 - INFO - Fetched data for 2025-04-29
2025-05-06 22:45:10,566 - INFO - Processed 2025-04-29: Max=32, Min=21
2025-05-06 22:45:10,959 - INFO - Fetched data for 2025-04-28
2025-05-06 22:45:11,033 - INFO - Processed 2025-04-28: Max=33, Min=24
2025-05-06 22:45:11,630 - INFO - Fetched data for 2025-04-27
2025-05-06 22:45:11,715 - INFO - Processed 2025-04-27: Max=34, Min=25
2025-05-06 22:45:12,269 - INFO - Fetched data for 2025-04-26
2025-05-06 22:45:12,332 - INFO - Processed 2025-04-26: Max=35, Min=24
2025-05-06 22:45:12,334 - INFO - Weather data successfully written to kolkata_past_10_days_weather.csv
2025-05-06 22:52:28,365 INFO [_internal:97] - [31m[1mWARNING: This is a development server. Do not use it in a production deployment. Use a production WSGI server instead.[0m
 * Running on http://127.0.0.1:5000
2025-05-06 22:52:28,365 INFO [_internal:97] - [33mPress CTRL+C to quit[0m
2025-05-06 22:52:28,367 INFO [_internal:97] -  * Restarting with stat
2025-05-06 22:52:31,139 WARNING [_internal:97] -  * Debugger is active!
2025-05-06 22:52:31,143 INFO [_internal:97] -  * Debugger PIN: 101-564-238
2025-05-06 22:52:37,494 INFO [app1:34] - Starting weather forecast route.
2025-05-06 22:52:37,495 ERROR [app1:73] - Unhandled error: No section: 'mongodb'
Traceback (most recent call last):
  File "c:\Users\RAJIB\Weather_Forecasting_Using_Python\app1.py", line 37, in index
    uri = config.get('mongodb', 'uri')
  File "C:\Users\RAJIB\AppData\Local\Programs\Python\Python313\Lib\configparser.py", line 810, in get
    d = self._unify_values(section, vars)
  File "C:\Users\RAJIB\AppData\Local\Programs\Python\Python313\Lib\configparser.py", line 1184, in _unify_values
    raise NoSectionError(section) from None
configparser.NoSectionError: No section: 'mongodb'
2025-05-06 22:52:37,500 INFO [_internal:97] - 127.0.0.1 - - [06/May/2025 22:52:37] "GET / HTTP/1.1" 200 -
2025-05-06 22:52:40,783 INFO [app1:34] - Starting weather forecast route.
2025-05-06 22:52:40,783 ERROR [app1:73] - Unhandled error: No section: 'mongodb'
Traceback (most recent call last):
  File "c:\Users\RAJIB\Weather_Forecasting_Using_Python\app1.py", line 37, in index
    uri = config.get('mongodb', 'uri')
  File "C:\Users\RAJIB\AppData\Local\Programs\Python\Python313\Lib\configparser.py", line 810, in get
    d = self._unify_values(section, vars)
  File "C:\Users\RAJIB\AppData\Local\Programs\Python\Python313\Lib\configparser.py", line 1184, in _unify_values
    raise NoSectionError(section) from None
configparser.NoSectionError: No section: 'mongodb'
2025-05-06 22:52:40,786 INFO [_internal:97] - 127.0.0.1 - - [06/May/2025 22:52:40] "GET / HTTP/1.1" 200 -
2025-05-06 22:52:41,838 INFO [app1:34] - Starting weather forecast route.
2025-05-06 22:52:41,838 ERROR [app1:73] - Unhandled error: No section: 'mongodb'
Traceback (most recent call last):
  File "c:\Users\RAJIB\Weather_Forecasting_Using_Python\app1.py", line 37, in index
    uri = config.get('mongodb', 'uri')
  File "C:\Users\RAJIB\AppData\Local\Programs\Python\Python313\Lib\configparser.py", line 810, in get
    d = self._unify_values(section, vars)
  File "C:\Users\RAJIB\AppData\Local\Programs\Python\Python313\Lib\configparser.py", line 1184, in _unify_values
    raise NoSectionError(section) from None
configparser.NoSectionError: No section: 'mongodb'
2025-05-06 22:52:41,840 INFO [_internal:97] - 127.0.0.1 - - [06/May/2025 22:52:41] "GET / HTTP/1.1" 200 -
2025-05-06 23:01:51,805 INFO [_internal:97] - [31m[1mWARNING: This is a development server. Do not use it in a production deployment. Use a production WSGI server instead.[0m
 * Running on http://127.0.0.1:5000
2025-05-06 23:01:51,806 INFO [_internal:97] - [33mPress CTRL+C to quit[0m
2025-05-06 23:01:51,808 INFO [_internal:97] -  * Restarting with stat
2025-05-06 23:01:54,767 WARNING [_internal:97] -  * Debugger is active!
2025-05-06 23:01:54,771 INFO [_internal:97] -  * Debugger PIN: 101-564-238
2025-05-06 23:01:57,048 INFO [app1:34] - Starting weather forecast route.
2025-05-06 23:01:57,064 INFO [app1:43] - Connected to MongoDB.
2025-05-06 23:01:57,102 INFO [app1:51] - Data loaded and processed.
2025-05-06 23:01:57,133 INFO [app1:58] - SARIMA model trained successfully.
2025-05-06 23:01:57,139 INFO [app1:64] - Forecasted temperature for 2025-05-06: 27.0 °C
2025-05-06 23:01:57,146 INFO [_internal:97] - 127.0.0.1 - - [06/May/2025 23:01:57] "GET / HTTP/1.1" 200 -
2025-05-07 00:07:40,779 INFO [_internal:97] -  * Detected change in 'c:\\Users\\RAJIB\\Weather_Forecasting_Using_Python\\app1.py', reloading
2025-05-07 00:07:41,014 INFO [_internal:97] -  * Restarting with stat
2025-05-07 00:08:00,050 INFO [_internal:97] - [31m[1mWARNING: This is a development server. Do not use it in a production deployment. Use a production WSGI server instead.[0m
 * Running on http://127.0.0.1:5000
2025-05-07 00:08:00,050 INFO [_internal:97] - [33mPress CTRL+C to quit[0m
2025-05-07 00:08:00,052 INFO [_internal:97] -  * Restarting with stat
2025-05-07 00:08:02,426 WARNING [_internal:97] -  * Debugger is active!
2025-05-07 00:08:02,429 INFO [_internal:97] -  * Debugger PIN: 101-564-238
2025-05-07 00:08:04,361 INFO [app1:35] - Starting weather forecast route.
2025-05-07 00:08:04,488 INFO [app1:44] - Connected to MongoDB.
2025-05-07 00:08:04,521 INFO [app1:52] - Data loaded and processed.
2025-05-07 00:08:04,548 INFO [app1:59] - SARIMA model trained successfully.
2025-05-07 00:08:04,561 INFO [_internal:97] - 127.0.0.1 - - [07/May/2025 00:08:04] "GET / HTTP/1.1" 200 -
2025-05-07 00:08:23,458 INFO [app1:35] - Starting weather forecast route.
2025-05-07 00:08:23,462 INFO [app1:44] - Connected to MongoDB.
2025-05-07 00:08:23,483 INFO [app1:52] - Data loaded and processed.
2025-05-07 00:08:23,507 INFO [app1:59] - SARIMA model trained successfully.
2025-05-07 00:08:23,513 INFO [_internal:97] - 127.0.0.1 - - [07/May/2025 00:08:23] "GET /?selected_date=2025-05-05 HTTP/1.1" 200 -
2025-05-07 00:08:50,686 INFO [_internal:97] -  * Detected change in 'c:\\Users\\RAJIB\\Weather_Forecasting_Using_Python\\app1.py', reloading
2025-05-07 00:08:50,912 INFO [_internal:97] -  * Restarting with stat
2025-05-07 00:08:57,635 INFO [_internal:97] - [31m[1mWARNING: This is a development server. Do not use it in a production deployment. Use a production WSGI server instead.[0m
 * Running on http://127.0.0.1:5000
2025-05-07 00:08:57,635 INFO [_internal:97] - [33mPress CTRL+C to quit[0m
2025-05-07 00:08:57,637 INFO [_internal:97] -  * Restarting with stat
2025-05-07 00:08:59,982 WARNING [_internal:97] -  * Debugger is active!
2025-05-07 00:08:59,985 INFO [_internal:97] -  * Debugger PIN: 101-564-238
2025-05-07 00:08:59,999 INFO [app1:35] - Starting weather forecast route.
2025-05-07 00:09:00,014 INFO [app1:44] - Connected to MongoDB.
2025-05-07 00:09:00,047 INFO [app1:52] - Data loaded and processed.
2025-05-07 00:09:00,072 INFO [app1:59] - SARIMA model trained successfully.
2025-05-07 00:09:00,084 INFO [_internal:97] - 127.0.0.1 - - [07/May/2025 00:09:00] "GET /?selected_date=2025-05-05 HTTP/1.1" 200 -
2025-05-07 00:09:05,059 INFO [app1:35] - Starting weather forecast route.
2025-05-07 00:09:05,063 INFO [app1:44] - Connected to MongoDB.
2025-05-07 00:09:05,104 INFO [app1:52] - Data loaded and processed.
2025-05-07 00:09:05,128 INFO [app1:59] - SARIMA model trained successfully.
2025-05-07 00:09:05,135 INFO [_internal:97] - 127.0.0.1 - - [07/May/2025 00:09:05] "GET /?selected_date=2025-05-15 HTTP/1.1" 200 -
2025-05-07 00:09:09,763 INFO [app1:35] - Starting weather forecast route.
2025-05-07 00:09:09,767 INFO [app1:44] - Connected to MongoDB.
2025-05-07 00:09:09,791 INFO [app1:52] - Data loaded and processed.
2025-05-07 00:09:09,811 INFO [app1:59] - SARIMA model trained successfully.
2025-05-07 00:09:09,817 INFO [_internal:97] - 127.0.0.1 - - [07/May/2025 00:09:09] "GET /?selected_date=2025-05-07 HTTP/1.1" 200 -
2025-05-07 00:09:13,251 INFO [app1:35] - Starting weather forecast route.
2025-05-07 00:09:13,255 INFO [app1:44] - Connected to MongoDB.
2025-05-07 00:09:13,277 INFO [app1:52] - Data loaded and processed.
2025-05-07 00:09:13,296 INFO [app1:59] - SARIMA model trained successfully.
2025-05-07 00:09:13,301 INFO [_internal:97] - 127.0.0.1 - - [07/May/2025 00:09:13] "GET /?selected_date=2025-05-08 HTTP/1.1" 200 -
2025-05-07 00:10:33,464 INFO [_internal:97] -  * Detected change in 'c:\\Users\\RAJIB\\Weather_Forecasting_Using_Python\\app.py', reloading
2025-05-07 00:10:33,833 INFO [_internal:97] -  * Restarting with stat
2025-05-07 00:13:20,525 INFO [_internal:97] - [31m[1mWARNING: This is a development server. Do not use it in a production deployment. Use a production WSGI server instead.[0m
 * Running on http://127.0.0.1:5000
2025-05-07 00:13:20,525 INFO [_internal:97] - [33mPress CTRL+C to quit[0m
2025-05-07 00:13:20,527 INFO [_internal:97] -  * Restarting with stat
2025-05-07 00:13:25,866 INFO [_internal:97] - [31m[1mWARNING: This is a development server. Do not use it in a production deployment. Use a production WSGI server instead.[0m
 * Running on http://127.0.0.1:5000
2025-05-07 00:13:25,866 INFO [_internal:97] - [33mPress CTRL+C to quit[0m
2025-05-07 00:13:25,868 INFO [_internal:97] -  * Restarting with stat
2025-05-07 00:13:28,244 WARNING [_internal:97] -  * Debugger is active!
2025-05-07 00:13:28,247 INFO [_internal:97] -  * Debugger PIN: 101-564-238
2025-05-07 00:13:28,262 INFO [app:35] - Starting weather forecast route.
2025-05-07 00:13:28,278 INFO [app:44] - Connected to MongoDB.
2025-05-07 00:13:28,313 INFO [app:52] - Data loaded and processed.
2025-05-07 00:13:28,341 INFO [app:59] - SARIMA model trained successfully.
2025-05-07 00:13:28,353 INFO [_internal:97] - 127.0.0.1 - - [07/May/2025 00:13:28] "GET /?selected_date=2025-05-08 HTTP/1.1" 200 -
2025-05-07 00:13:34,782 INFO [app:35] - Starting weather forecast route.
2025-05-07 00:13:34,785 INFO [app:44] - Connected to MongoDB.
2025-05-07 00:13:34,810 INFO [app:52] - Data loaded and processed.
2025-05-07 00:13:34,828 INFO [app:59] - SARIMA model trained successfully.
2025-05-07 00:13:34,833 INFO [_internal:97] - 127.0.0.1 - - [07/May/2025 00:13:34] "GET /?selected_date=2025-05-07 HTTP/1.1" 200 -
2025-05-07 00:13:36,218 INFO [app:35] - Starting weather forecast route.
2025-05-07 00:13:36,221 INFO [app:44] - Connected to MongoDB.
2025-05-07 00:13:36,230 INFO [app:52] - Data loaded and processed.
2025-05-07 00:13:36,247 INFO [app:59] - SARIMA model trained successfully.
2025-05-07 00:13:36,252 INFO [_internal:97] - 127.0.0.1 - - [07/May/2025 00:13:36] "GET /?selected_date=2025-05-09 HTTP/1.1" 200 -
2025-05-07 00:13:40,972 INFO [app:35] - Starting weather forecast route.
2025-05-07 00:13:40,975 INFO [app:44] - Connected to MongoDB.
2025-05-07 00:13:40,984 INFO [app:52] - Data loaded and processed.
2025-05-07 00:13:41,002 INFO [app:59] - SARIMA model trained successfully.
2025-05-07 00:13:41,010 INFO [_internal:97] - 127.0.0.1 - - [07/May/2025 00:13:41] "GET /?selected_date=2025-05-11 HTTP/1.1" 200 -
2025-05-07 00:13:44,186 INFO [app:35] - Starting weather forecast route.
2025-05-07 00:13:44,189 INFO [app:44] - Connected to MongoDB.
2025-05-07 00:13:44,198 INFO [app:52] - Data loaded and processed.
2025-05-07 00:13:44,215 INFO [app:59] - SARIMA model trained successfully.
2025-05-07 00:13:44,220 INFO [_internal:97] - 127.0.0.1 - - [07/May/2025 00:13:44] "GET /?selected_date=2025-05-12 HTTP/1.1" 200 -
2025-05-07 00:13:46,811 INFO [app:35] - Starting weather forecast route.
2025-05-07 00:13:46,814 INFO [app:44] - Connected to MongoDB.
2025-05-07 00:13:46,847 INFO [app:52] - Data loaded and processed.
2025-05-07 00:13:46,864 INFO [app:59] - SARIMA model trained successfully.
2025-05-07 00:13:46,869 INFO [_internal:97] - 127.0.0.1 - - [07/May/2025 00:13:46] "GET /?selected_date=2025-05-13 HTTP/1.1" 200 -
2025-05-07 00:15:15,786 INFO [_internal:97] -  * Detected change in 'c:\\Users\\RAJIB\\Weather_Forecasting_Using_Python\\app.py', reloading
2025-05-07 00:15:16,033 INFO [_internal:97] -  * Restarting with stat
2025-05-07 00:15:22,315 INFO [_internal:97] - [31m[1mWARNING: This is a development server. Do not use it in a production deployment. Use a production WSGI server instead.[0m
 * Running on http://127.0.0.1:5000
2025-05-07 00:15:22,315 INFO [_internal:97] - [33mPress CTRL+C to quit[0m
2025-05-07 00:15:22,317 INFO [_internal:97] -  * Restarting with stat
2025-05-07 00:15:24,655 WARNING [_internal:97] -  * Debugger is active!
2025-05-07 00:15:24,658 INFO [_internal:97] -  * Debugger PIN: 101-564-238
2025-05-07 00:15:24,673 INFO [app:35] - Starting weather forecast route.
2025-05-07 00:15:24,685 INFO [app:44] - Connected to MongoDB.
2025-05-07 00:15:24,700 INFO [app:52] - Data loaded and processed.
2025-05-07 00:15:24,724 INFO [app:59] - SARIMA model trained successfully.
2025-05-07 00:15:24,729 INFO [app:69] - Next 10 days weather forecasting completed!
2025-05-07 00:15:24,735 INFO [_internal:97] - 127.0.0.1 - - [07/May/2025 00:15:24] "GET /?selected_date=2025-05-13 HTTP/1.1" 200 -
2025-05-07 00:17:30,714 INFO [app:35] - Starting weather forecast route.
2025-05-07 00:17:30,717 INFO [app:44] - Connected to MongoDB.
2025-05-07 00:17:30,758 INFO [app:52] - Data loaded and processed.
2025-05-07 00:17:30,776 INFO [app:59] - SARIMA model trained successfully.
2025-05-07 00:17:30,779 INFO [app:69] - Next 10 days weather forecasting completed!
2025-05-07 00:17:30,781 INFO [_internal:97] - 127.0.0.1 - - [07/May/2025 00:17:30] "GET /?selected_date= HTTP/1.1" 200 -
2025-05-07 00:18:58,724 INFO [_internal:97] -  * Detected change in 'c:\\Users\\RAJIB\\Weather_Forecasting_Using_Python\\app.py', reloading
2025-05-07 00:18:58,974 INFO [_internal:97] -  * Restarting with stat
2025-05-07 00:19:01,352 WARNING [_internal:97] -  * Debugger is active!
2025-05-07 00:19:01,355 INFO [_internal:97] -  * Debugger PIN: 101-564-238
